{
    "client_full_name": "Asela Pasindu",
    "client_phone_number": "0761247895",
    "client_email": "test@gmail.com",
    "client_address": "test address",
    "select_event": "dum-dum",
    "event_date": "2024-11-29T04:05",
    "num_participants": "100",
    "event_location": "Location of my colombo",
    "is_confirm": "0",
    "status": "paid",
    "hall_id": "2",
    "food_id": "2",
    "beverages_id": "2"
}Error When Creating Client Event: SQLSTATE[42S22]: Column not found: 1054 Unknown column 'event_location' in 'field list'{
    "client_full_name": "Asela Pasindu",
    "client_phone_number": "0761247895",
    "client_email": "test@gmail.com",
    "client_address": "test address",
    "select_event": "dum-dum",
    "event_date": "2024-11-29T04:05",
    "num_participants": "100",
    "event_location": "Location of my colombo",
    "is_confirm": "0",
    "status": "paid",
    "hall_id": "1",
    "food_id": "1",
    "beverages_id": "1"
}Error When Creating Client Event: SQLSTATE[42S22]: Column not found: 1054 Unknown column 'event_location' in 'field list'{
    "client_full_name": "Asela Pasindu",
    "client_phone_number": "0761247895",
    "client_email": "test@gmail.com",
    "client_address": "test address",
    "select_event": "dum-dum",
    "event_date": "2024-11-29T04:05",
    "num_participants": "100",
    "event_location": "Location of my colombo",
    "is_confirm": "0",
    "status": "paid",
    "hall_id": "1",
    "food_id": "1",
    "beverages_id": "1"
}Client Event Created Successfully!{
    "client_full_name": "Asela Pasindu",
    "client_phone_number": "0761247895",
    "client_email": "test@gmail.com",
    "client_address": "test address",
    "select_event": "dum-dum",
    "event_date": "2024-11-29T04:05",
    "num_participants": "100",
    "event_location": "Location of my colombo",
    "is_confirm": "0",
    "status": "paid",
    "hall_id": "1",
    "food_id": "1",
    "beverages_id": "1"
}Client Event Created Successfully!{
    "client_full_name": "Asela Pasindu",
    "client_phone_number": "0761247895",
    "client_email": "test@gmail.com",
    "client_address": "test address",
    "select_event": "dum-dum",
    "event_date": "2024-11-29T04:05",
    "num_participants": "100",
    "event_location": "Location of my colombo",
    "is_confirm": "0",
    "status": "paid",
    "hall_id": "1",
    "food_id": "1",
    "beverages_id": "1"
}Client Event Created Successfully!{
    "client_full_name": "Asela Pasindu",
    "client_phone_number": "0761247895",
    "client_email": "test@gmail.com",
    "client_address": "Asela New",
    "select_event": "Birthday",
    "event_date": "2024-11-27T13:34",
    "num_participants": "100",
    "event_location": "Location of my colombo",
    "is_confirm": "0",
    "status": "paid",
    "hall_id": "1",
    "food_id": "1",
    "beverages_id": "1"
}Client Event Created Successfully!{
    "client_full_name": "Asela Pasindu",
    "client_phone_number": "0761247895",
    "client_email": "test@gmail.com",
    "client_address": "Asela New",
    "select_event": "Birthday",
    "event_date": "2024-11-27T13:34",
    "num_participants": "100",
    "event_location": "Location of my colombo",
    "is_confirm": "0",
    "status": "unpaid",
    "hall_id": "1",
    "food_id": "1",
    "beverages_id": "1"
}Client Event Created Successfully!{
    "client_full_name": "asela new",
    "client_phone_number": "0789991578",
    "client_email": "asela.pasindu.dias17@gmail.com",
    "client_address": "new\/address\r\nnew\/address2",
    "select_event": null,
    "select_name": "My Wedding",
    "event_date": "2024-11-30T10:30",
    "num_participants": "200",
    "event_location": "Beach Location",
    "hall_id": "4",
    "food_id": "1",
    "beverages_id": "1"
}{
    "client_full_name": "asela new",
    "client_phone_number": "0789991578",
    "client_email": "asela.pasindu.dias17@gmail.com",
    "client_address": "new\/address\r\nnew\/address2",
    "select_event": null,
    "select_name": "",
    "event_date": "2024-11-30T10:30",
    "num_participants": "200",
    "event_location": "",
    "hall_id": "",
    "food_id": "",
    "beverages_id": ""
}{
    "client_full_name": "asela new",
    "client_phone_number": "0789991578",
    "client_email": "asela.pasindu.dias17@gmail.com",
    "client_address": "new\/address\r\nnew\/address2",
    "select_id": "1",
    "select_name": "",
    "event_date": "2024-11-30T10:30",
    "num_participants": "200",
    "event_location": "",
    "hall_id": "",
    "food_id": "",
    "beverages_id": ""
}{
    "client_full_name": "asela new",
    "client_phone_number": "0789991578",
    "client_email": "asela.pasindu.dias17@gmail.com",
    "client_address": "new\/address\r\nnew\/address2",
    "select_id": "",
    "select_name": "My Wedding",
    "event_date": "2024-11-30T10:30",
    "num_participants": "200",
    "event_location": "Beach Location",
    "hall_id": "3",
    "food_id": "1",
    "beverages_id": "1"
}{
    "client_full_name": "asela new",
    "client_phone_number": "0789991578",
    "client_email": "asela.pasindu.dias17@gmail.com",
    "client_address": "new\/address\r\nnew\/address2",
    "select_id": "",
    "select_name": "My Wedding",
    "event_date": "2024-11-30T10:30",
    "num_participants": "200",
    "event_location": "Beach Location",
    "hall_id": "3",
    "food_id": "1",
    "beverages_id": "1"
}Error When Creating Client Event: SQLSTATE[23000]: Integrity constraint violation: 1452 Cannot add or update a child row: a foreign key constraint fails (`event_pro`.`events`, CONSTRAINT `events_ibfk_1` FOREIGN KEY (`hall_id`) REFERENCES `halls` (`id`)){
    "client_full_name": "asela new",
    "client_phone_number": "0789991578",
    "client_email": "asela.pasindu.dias17@gmail.com",
    "client_address": "new\/address\r\nnew\/address2",
    "select_event_id": "2",
    "select_event_name": "",
    "event_date": "2024-11-30T10:30",
    "num_participants": "200",
    "event_location": "",
    "hall_id": "",
    "food_id": "",
    "beverages_id": ""
}Error When Creating Client Event: SQLSTATE[23000]: Integrity constraint violation: 1452 Cannot add or update a child row: a foreign key constraint fails (`event_pro`.`events`, CONSTRAINT `events_ibfk_1` FOREIGN KEY (`hall_id`) REFERENCES `halls` (`id`)){
    "client_full_name": "asela new",
    "client_phone_number": "0789991578",
    "client_email": "asela.pasindu.dias17@gmail.com",
    "client_address": "new\/address\r\nnew\/address2",
    "select_event_id": "",
    "select_event_name": "",
    "event_date": "2024-11-30T10:30",
    "num_participants": "200",
    "event_location": "Beach Location",
    "hall_id": "3",
    "food_id": "1",
    "beverages_id": "1"
}Client Event Created Successfully!{
    "client_full_name": "asela new",
    "client_phone_number": "0789991578",
    "client_email": "asela.pasindu.dias17@gmail.com",
    "client_address": "new\/address\r\nnew\/address2",
    "select_event_id": "",
    "select_event_name": "New Event From Front end",
    "event_date": "2024-11-29T00:27",
    "num_participants": "100",
    "event_location": "Beach Location",
    "hall_id": "1",
    "food_id": "1",
    "beverages_id": "1"
}Client Event Created Successfully!Error When Creating Client Event: SQLSTATE[23000]: Integrity constraint violation: 1452 Cannot add or update a child row: a foreign key constraint fails (`event_pro`.`events`, CONSTRAINT `events_ibfk_1` FOREIGN KEY (`hall_id`) REFERENCES `halls` (`id`)){
    "client_full_name": "asela new",
    "client_phone_number": "0789991578",
    "client_email": "asela.pasindu.dias17@gmail.com",
    "client_address": "new\/address\r\nnew\/address2",
    "select_event_id": "2",
    "select_event_name": "",
    "event_date": "2024-11-30T01:31",
    "num_participants": "600",
    "event_location": "",
    "hall_id": "",
    "food_id": "",
    "beverages_id": ""
}Error When Creating Client Event: SQLSTATE[23000]: Integrity constraint violation: 1452 Cannot add or update a child row: a foreign key constraint fails (`event_pro`.`events`, CONSTRAINT `events_ibfk_1` FOREIGN KEY (`hall_id`) REFERENCES `halls` (`id`)){
    "client_full_name": "asela new",
    "client_phone_number": "0789991578",
    "client_email": "asela.pasindu.dias17@gmail.com",
    "client_address": "new\/address\r\nnew\/address2",
    "select_event_id": "2",
    "select_event_name": "",
    "event_date": "2024-11-30T01:31",
    "num_participants": "600",
    "event_location": "",
    "hall_id": "",
    "food_id": "",
    "beverages_id": ""
}Event cloned and created successfully!{
    "client_full_name": "asela new",
    "client_phone_number": "0789991578",
    "client_email": "asela.pasindu.dias17@gmail.com",
    "client_address": "new\/address\r\nnew\/address2",
    "select_event_id": "9",
    "select_event_name": "",
    "event_date": "2024-11-30T01:31",
    "num_participants": "400",
    "event_location": "",
    "hall_id": "",
    "food_id": "",
    "beverages_id": ""
}Event cloned and created successfully!{
    "client_full_name": "P Asela Pasindu Dias",
    "client_phone_number": "0789991578",
    "client_email": "asela.pasindu.dias17@gmail.com",
    "client_address": "new\/address\r\nnew\/address2",
    "select_event_id": "2",
    "select_event_name": "",
    "event_date": "2024-11-30T01:50",
    "num_participants": "500",
    "event_location": "",
    "hall_id": "",
    "food_id": "",
    "beverages_id": ""
}Event cloned and created successfully!{
    "client_full_name": "P Asela Pasindu Dias",
    "client_phone_number": "0789991578",
    "client_email": "asela.pasindu.dias17@gmail.com",
    "client_address": "new\/address\r\nnew\/address2",
    "select_event_id": "10",
    "select_event_name": "",
    "event_date": "2024-11-30T03:05",
    "num_participants": "520",
    "event_location": "",
    "hall_id": "",
    "food_id": "",
    "beverages_id": ""
}Event cloned and created successfully!Error When Creating Client Event: SQLSTATE[23000]: Integrity constraint violation: 1452 Cannot add or update a child row: a foreign key constraint fails (`event_pro`.`events`, CONSTRAINT `events_ibfk_1` FOREIGN KEY (`hall_id`) REFERENCES `halls` (`id`)){
    "client_full_name": "P Asela Pasindu Dias",
    "client_phone_number": "0789991578",
    "client_email": "asela.pasindu.dias17@gmail.com",
    "client_address": "new\/address\r\nnew\/address2",
    "select_event_id": "",
    "select_event_name": "",
    "event_date": "2024-11-30T02:10",
    "num_participants": "400",
    "event_location": "",
    "hall_id": "",
    "food_id": "",
    "beverages_id": ""
}